Performing C++ SOURCE FILE Test HAVE_FLAG_-Wheader-guard failed with the following output:
Change Dir: /media/tuukka/153CC046EEFB5ED9/coodi/pmcenum/solvers/cryptominisat-5.0.1/build/CMakeFiles/CMakeTmp

Run Build Command:"/usr/bin/make" "cmTC_5cc9d/fast"
make[2]: Entering directory '/media/tuukka/153CC046EEFB5ED9/coodi/pmcenum/solvers/cryptominisat-5.0.1/build/CMakeFiles/CMakeTmp'
/usr/bin/make -f CMakeFiles/cmTC_5cc9d.dir/build.make CMakeFiles/cmTC_5cc9d.dir/build
make[3]: Entering directory '/media/tuukka/153CC046EEFB5ED9/coodi/pmcenum/solvers/cryptominisat-5.0.1/build/CMakeFiles/CMakeTmp'
Building CXX object CMakeFiles/cmTC_5cc9d.dir/src.cxx.o
/usr/bin/c++    -std=c++11 -g -pthread -Wall -Wextra -Wunused -pedantic -Wsign-compare -fno-omit-frame-pointer -Wtype-limits -Wuninitialized -Wno-deprecated -Wstrict-aliasing -Wpointer-arith -DHAVE_FLAG_-Wheader-guard   -Wheader-guard -o CMakeFiles/cmTC_5cc9d.dir/src.cxx.o -c /media/tuukka/153CC046EEFB5ED9/coodi/pmcenum/solvers/cryptominisat-5.0.1/build/CMakeFiles/CMakeTmp/src.cxx
c++: error: unrecognized command line option '-Wheader-guard'
CMakeFiles/cmTC_5cc9d.dir/build.make:65: recipe for target 'CMakeFiles/cmTC_5cc9d.dir/src.cxx.o' failed
make[3]: *** [CMakeFiles/cmTC_5cc9d.dir/src.cxx.o] Error 1
make[3]: Leaving directory '/media/tuukka/153CC046EEFB5ED9/coodi/pmcenum/solvers/cryptominisat-5.0.1/build/CMakeFiles/CMakeTmp'
Makefile:126: recipe for target 'cmTC_5cc9d/fast' failed
make[2]: *** [cmTC_5cc9d/fast] Error 2
make[2]: Leaving directory '/media/tuukka/153CC046EEFB5ED9/coodi/pmcenum/solvers/cryptominisat-5.0.1/build/CMakeFiles/CMakeTmp'

Source file was:
int main() { return 0; }
Determining if the pthread_create exist failed with the following output:
Change Dir: /media/tuukka/153CC046EEFB5ED9/coodi/pmcenum/solvers/cryptominisat-5.0.1/build/CMakeFiles/CMakeTmp

Run Build Command:"/usr/bin/make" "cmTC_43074/fast"
make[2]: Entering directory '/media/tuukka/153CC046EEFB5ED9/coodi/pmcenum/solvers/cryptominisat-5.0.1/build/CMakeFiles/CMakeTmp'
/usr/bin/make -f CMakeFiles/cmTC_43074.dir/build.make CMakeFiles/cmTC_43074.dir/build
make[3]: Entering directory '/media/tuukka/153CC046EEFB5ED9/coodi/pmcenum/solvers/cryptominisat-5.0.1/build/CMakeFiles/CMakeTmp'
Building C object CMakeFiles/cmTC_43074.dir/CheckSymbolExists.c.o
/usr/bin/cc    -o CMakeFiles/cmTC_43074.dir/CheckSymbolExists.c.o   -c /media/tuukka/153CC046EEFB5ED9/coodi/pmcenum/solvers/cryptominisat-5.0.1/build/CMakeFiles/CMakeTmp/CheckSymbolExists.c
Linking C executable cmTC_43074
/usr/bin/cmake -E cmake_link_script CMakeFiles/cmTC_43074.dir/link.txt --verbose=1
/usr/bin/cc      -rdynamic CMakeFiles/cmTC_43074.dir/CheckSymbolExists.c.o  -o cmTC_43074 
CMakeFiles/cmTC_43074.dir/CheckSymbolExists.c.o: In function `main':
CheckSymbolExists.c:(.text+0x1b): undefined reference to `pthread_create'
collect2: error: ld returned 1 exit status
CMakeFiles/cmTC_43074.dir/build.make:97: recipe for target 'cmTC_43074' failed
make[3]: *** [cmTC_43074] Error 1
make[3]: Leaving directory '/media/tuukka/153CC046EEFB5ED9/coodi/pmcenum/solvers/cryptominisat-5.0.1/build/CMakeFiles/CMakeTmp'
Makefile:126: recipe for target 'cmTC_43074/fast' failed
make[2]: *** [cmTC_43074/fast] Error 2
make[2]: Leaving directory '/media/tuukka/153CC046EEFB5ED9/coodi/pmcenum/solvers/cryptominisat-5.0.1/build/CMakeFiles/CMakeTmp'

File /media/tuukka/153CC046EEFB5ED9/coodi/pmcenum/solvers/cryptominisat-5.0.1/build/CMakeFiles/CMakeTmp/CheckSymbolExists.c:
/* */
#include <pthread.h>

int main(int argc, char** argv)
{
  (void)argv;
#ifndef pthread_create
  return ((int*)(&pthread_create))[argc];
#else
  (void)argc;
  return 0;
#endif
}

Determining if the function pthread_create exists in the pthreads failed with the following output:
Change Dir: /media/tuukka/153CC046EEFB5ED9/coodi/pmcenum/solvers/cryptominisat-5.0.1/build/CMakeFiles/CMakeTmp

Run Build Command:"/usr/bin/make" "cmTC_32b4d/fast"
make[2]: Entering directory '/media/tuukka/153CC046EEFB5ED9/coodi/pmcenum/solvers/cryptominisat-5.0.1/build/CMakeFiles/CMakeTmp'
/usr/bin/make -f CMakeFiles/cmTC_32b4d.dir/build.make CMakeFiles/cmTC_32b4d.dir/build
make[3]: Entering directory '/media/tuukka/153CC046EEFB5ED9/coodi/pmcenum/solvers/cryptominisat-5.0.1/build/CMakeFiles/CMakeTmp'
Building C object CMakeFiles/cmTC_32b4d.dir/CheckFunctionExists.c.o
/usr/bin/cc   -DCHECK_FUNCTION_EXISTS=pthread_create   -o CMakeFiles/cmTC_32b4d.dir/CheckFunctionExists.c.o   -c /usr/share/cmake-3.10/Modules/CheckFunctionExists.c
Linking C executable cmTC_32b4d
/usr/bin/cmake -E cmake_link_script CMakeFiles/cmTC_32b4d.dir/link.txt --verbose=1
/usr/bin/cc  -DCHECK_FUNCTION_EXISTS=pthread_create    -rdynamic CMakeFiles/cmTC_32b4d.dir/CheckFunctionExists.c.o  -o cmTC_32b4d -lpthreads 
/usr/bin/ld: cannot find -lpthreads
collect2: error: ld returned 1 exit status
CMakeFiles/cmTC_32b4d.dir/build.make:97: recipe for target 'cmTC_32b4d' failed
make[3]: *** [cmTC_32b4d] Error 1
make[3]: Leaving directory '/media/tuukka/153CC046EEFB5ED9/coodi/pmcenum/solvers/cryptominisat-5.0.1/build/CMakeFiles/CMakeTmp'
Makefile:126: recipe for target 'cmTC_32b4d/fast' failed
make[2]: *** [cmTC_32b4d/fast] Error 2
make[2]: Leaving directory '/media/tuukka/153CC046EEFB5ED9/coodi/pmcenum/solvers/cryptominisat-5.0.1/build/CMakeFiles/CMakeTmp'


